2021-06-30 11:21:18.8886  method:  Converter.IOneDriveConnection.Init         
    INFO Выполняется загрузка конфигурации OneDrive 

2021-06-30 11:21:19.1054  method:  Converter.IOneDriveConnection.Init         
    INFO Загрузка конфигурации OneDrive прошла успешно 

2021-06-30 11:21:19.1054  method:  Converter.OneDriveConverterConsole.Main         
    ERROR Название файла не передано 

2021-06-30 11:21:32.1460  method:  Converter.IOneDriveConnection.Init         
    INFO Выполняется загрузка конфигурации OneDrive 

2021-06-30 11:21:32.2815  method:  Converter.IOneDriveConnection.Init         
    INFO Загрузка конфигурации OneDrive прошла успешно 

2021-06-30 11:21:32.2848  method:  Converter.DiskSource.Read         
    INFO Файл успешно загружен из диска 

2021-06-30 11:21:32.2848  method:  Converter.OneDriveConverter.SendFile         
    INFO Запрос на отправку файла на OneDrive 

2021-06-30 11:21:32.2848  method:  Converter.OneDriveConnection.Connect         
    INFO Выполняется запрос на соединение с OneDrive 

2021-06-30 11:21:33.1860  method:  Converter.OneDriveConnection.ParseResponse         
    DEBUG Аутентификация прошла успешно 

2021-06-30 11:21:38.2856  method:  Converter.OneDriveConverter.SendFile         
    INFO Файл успешно отправлен на сервер 

2021-06-30 11:21:38.2856  method:  Converter.OneDriveConverter.GetFile         
    INFO Запрос на загрузку файла из OneDrive 

2021-06-30 11:21:48.5668  method:  Converter.OneDriveConverter.GetFile         
    INFO Файл успешно загружен из OneDrive 

2021-06-30 11:22:00.4813  method:  Converter.DiskSource.Write         
    INFO Файл успешно загружен на диск 

2021-06-30 11:22:00.4813  method:  Converter.OneDriveConverter.DeleteFile         
    INFO Запрос на удаление файла из OneDrive 

2021-06-30 11:22:01.6936  method:  Converter.OneDriveConverter.DeleteFile         
    INFO Файл успешно удален с сервера 

