2021-06-28 09:46:56.5588  method:  Converter.OneDriveConverter..ctor         
    INFO Загрузка конфигурации OneDrive 

2021-06-28 09:46:58.6953  method:  Converter.OneDriveConverter.Auth         
    DEBUG Аутентификация прошла успешно 

2021-06-28 09:46:58.7223  method:  Converter.OneDriveConverter.SendFile         
    ERROR Файл не найден 

2021-06-28 09:58:06.2989  method:  Converter.OneDriveConverter..ctor         
    INFO Загрузка конфигурации OneDrive 

2021-06-28 09:58:09.4236  method:  Converter.OneDriveConverter.Auth         
    DEBUG Аутентификация прошла успешно 

2021-06-28 09:58:09.6039  method:  Converter.OneDriveConverter.SendFile         
    INFO Файл успешно отправлен на сервер 

2021-06-28 09:58:12.5541  method:  Converter.OneDriveConverter.GetFile         
    ERROR The remote server returned an error: (404) Not Found. 

2021-06-28 10:00:10.0893  method:  Converter.OneDriveConverter..ctor         
    INFO Загрузка конфигурации OneDrive 

2021-06-28 10:00:11.7815  method:  Converter.OneDriveConverter.Auth         
    DEBUG Аутентификация прошла успешно 

2021-06-28 10:00:11.8102  method:  Converter.OneDriveConverter.SendFile         
    INFO Файл успешно отправлен на сервер 

2021-06-28 10:00:12.9539  method:  Converter.OneDriveConverter.GetFile         
    ERROR The remote server returned an error: (404) Not Found. 

2021-06-28 10:03:30.1060  method:  Converter.OneDriveConverter..ctor         
    INFO Загрузка конфигурации OneDrive 

2021-06-28 10:03:33.0204  method:  Converter.OneDriveConverter.Auth         
    DEBUG Аутентификация прошла успешно 

2021-06-28 10:03:33.0892  method:  Converter.OneDriveConverter.SendFile         
    INFO Файл успешно отправлен на сервер 

2021-06-28 10:03:34.5232  method:  Converter.OneDriveConverter.GetFile         
    ERROR The remote server returned an error: (404) Not Found. 

2021-06-28 10:07:09.4010  method:  Converter.OneDriveConverter..ctor         
    INFO Загрузка конфигурации OneDrive 

2021-06-28 10:07:11.1018  method:  Converter.OneDriveConverter.Auth         
    ERROR Аутентификация не прошла 

2021-06-28 10:08:15.1736  method:  Converter.OneDriveConverter..ctor         
    INFO Загрузка конфигурации OneDrive 

2021-06-28 10:08:17.0791  method:  Converter.OneDriveConverter.Auth         
    DEBUG Аутентификация прошла успешно 

2021-06-28 10:08:17.1714  method:  Converter.OneDriveConverter.SendFile         
    INFO Файл успешно отправлен на сервер 

2021-06-28 10:08:18.4953  method:  Converter.OneDriveConverter.GetFile         
    ERROR The remote server returned an error: (404) Not Found. 

2021-06-28 10:08:50.8291  method:  Converter.OneDriveConverter..ctor         
    INFO Загрузка конфигурации OneDrive 

2021-06-28 10:08:52.5870  method:  Converter.OneDriveConverter.Auth         
    DEBUG Аутентификация прошла успешно 

2021-06-28 10:09:58.0589  method:  Converter.OneDriveConverter.SendFile         
    INFO Файл успешно отправлен на сервер 

2021-06-28 10:17:49.8558  method:  Converter.OneDriveConverter..ctor         
    INFO Загрузка конфигурации OneDrive 

2021-06-28 10:17:51.7398  method:  Converter.OneDriveConverter.Auth         
    DEBUG Аутентификация прошла успешно 

2021-06-28 10:17:56.2199  method:  Converter.OneDriveConverter.SendFile         
    INFO Файл успешно отправлен на сервер 

2021-06-28 10:18:00.0364  method:  Converter.OneDriveConverter.GetFile         
    INFO Файл успешно получен из сервера 

2021-06-28 10:19:04.2580  method:  Converter.OneDriveConverter..ctor         
    INFO Загрузка конфигурации OneDrive 

2021-06-28 10:19:06.0175  method:  Converter.OneDriveConverter.Auth         
    DEBUG Аутентификация прошла успешно 

2021-06-28 10:19:06.0925  method:  Converter.OneDriveConverter.SendFile         
    INFO Файл успешно отправлен на сервер 

2021-06-28 10:19:09.7224  method:  Converter.OneDriveConverter.GetFile         
    INFO Файл успешно получен из сервера 

2021-06-28 10:19:51.9619  method:  Converter.OneDriveConverter..ctor         
    INFO Загрузка конфигурации OneDrive 

2021-06-28 10:19:53.5450  method:  Converter.OneDriveConverter.Auth         
    DEBUG Аутентификация прошла успешно 

2021-06-28 10:24:59.9385  method:  Converter.OneDriveConverter..ctor         
    INFO Загрузка конфигурации OneDrive 

2021-06-28 10:25:01.9858  method:  Converter.OneDriveConverter.Auth         
    DEBUG Аутентификация прошла успешно 

2021-06-28 10:31:27.5605  method:  Converter.OneDriveConverter.SendFile         
    INFO Файл успешно отправлен на сервер 

2021-06-28 10:31:40.5644  method:  Converter.OneDriveConverter..ctor         
    INFO Загрузка конфигурации OneDrive 

2021-06-28 10:31:42.4301  method:  Converter.OneDriveConverter.Auth         
    DEBUG Аутентификация прошла успешно 

2021-06-28 10:31:50.2245  method:  Converter.OneDriveConverter.SendFile         
    INFO Файл успешно отправлен на сервер 

2021-06-28 10:33:28.3761  method:  Converter.OneDriveConverter..ctor         
    INFO Загрузка конфигурации OneDrive 

2021-06-28 10:33:30.1502  method:  Converter.OneDriveConverter.Auth         
    DEBUG Аутентификация прошла успешно 

2021-06-28 10:33:33.7450  method:  Converter.OneDriveConverter.SendFile         
    INFO Файл успешно отправлен на сервер 

2021-06-28 10:33:43.0356  method:  Converter.OneDriveConverter.GetFile         
    INFO Файл успешно получен из сервера 

2021-06-28 11:04:29.3248  method:  Converter.OneDriveConverter..ctor         
    INFO Загрузка конфигурации OneDrive 

2021-06-28 11:04:32.5609  method:  Converter.OneDriveConverter.Auth         
    DEBUG Аутентификация прошла успешно 

2021-06-28 11:04:32.7093  method:  Converter.OneDriveConverter.SendFile         
    INFO Файл успешно отправлен на сервер 

2021-06-28 11:04:44.5814  method:  Converter.OneDriveConverter.GetFile         
    INFO Файл успешно получен из сервера 

2021-06-28 11:16:16.0560  method:  Converter.OneDriveConverter..ctor         
    INFO Загрузка конфигурации OneDrive 

2021-06-28 11:16:17.8839  method:  Converter.OneDriveConverter.Auth         
    DEBUG Аутентификация прошла успешно 

2021-06-28 11:16:17.9841  method:  Converter.OneDriveConverter.SendFile         
    INFO Файл успешно отправлен на сервер 

2021-06-28 11:16:25.1156  method:  Converter.OneDriveConverter.GetFile         
    INFO Файл успешно получен из сервера 

2021-06-28 11:31:55.6727  method:  Converter.OneDriveConverter..ctor         
    INFO Загрузка конфигурации OneDrive 

2021-06-28 11:31:58.7401  method:  Converter.OneDriveConverter.Auth         
    DEBUG Аутентификация прошла успешно 

2021-06-28 11:31:58.7985  method:  Converter.OneDriveConverter.SendFile         
    INFO Файл успешно отправлен на сервер 

2021-06-28 11:32:07.4311  method:  Converter.OneDriveConverter.GetFile         
    ERROR  The ReadAsync method cannot be called when another read operation is pending. 

2021-06-28 11:32:34.4379  method:  Converter.OneDriveConverter..ctor         
    INFO Загрузка конфигурации OneDrive 

2021-06-28 11:32:36.0547  method:  Converter.OneDriveConverter.Auth         
    DEBUG Аутентификация прошла успешно 

2021-06-28 11:32:36.1435  method:  Converter.OneDriveConverter.SendFile         
    INFO Файл успешно отправлен на сервер 

2021-06-28 11:32:42.0456  method:  Converter.OneDriveConverter.GetFile         
    ERROR  The ReadAsync method cannot be called when another read operation is pending. 

2021-06-28 11:33:17.4653  method:  Converter.OneDriveConverter..ctor         
    INFO Загрузка конфигурации OneDrive 

2021-06-28 11:33:20.1881  method:  Converter.OneDriveConverter.Auth         
    DEBUG Аутентификация прошла успешно 

2021-06-28 11:33:20.2627  method:  Converter.OneDriveConverter.SendFile         
    INFO Файл успешно отправлен на сервер 

2021-06-28 11:33:30.4286  method:  Converter.OneDriveConverter.GetFile         
    INFO Файл успешно получен из сервера 

2021-06-28 11:33:31.1495  method:  Converter.OneDriveConverter.DeleteFile         
    INFO Файл успешно удален с сервера 

2021-06-28 11:33:51.6898  method:  Converter.OneDriveConverter..ctor         
    INFO Загрузка конфигурации OneDrive 

2021-06-28 11:33:54.3506  method:  Converter.OneDriveConverter.Auth         
    DEBUG Аутентификация прошла успешно 

2021-06-28 11:33:54.4462  method:  Converter.OneDriveConverter.SendFile         
    INFO Файл успешно отправлен на сервер 

2021-06-28 11:34:02.0533  method:  Converter.OneDriveConverter.GetFile         
    INFO Файл успешно получен из сервера 

2021-06-28 11:34:03.1149  method:  Converter.OneDriveConverter.DeleteFile         
    INFO Файл успешно удален с сервера 

2021-06-28 13:58:03.6626  method:  Converter.OneDriveConverter..ctor         
    INFO Загрузка конфигурации OneDrive 

2021-06-28 13:58:05.1317  method:  Converter.OneDriveConverter.Auth         
    DEBUG Аутентификация прошла успешно 

2021-06-28 13:58:05.1317  method:  Converter.OneDriveConverter.SendFile         
    INFO Файл успешно отправлен на сервер 

2021-06-28 13:58:14.0444  method:  Converter.OneDriveConverter.GetFile         
    INFO Файл успешно получен из сервера 

2021-06-28 13:58:14.7782  method:  Converter.OneDriveConverter.DeleteFile         
    INFO Файл успешно удален с сервера 

2021-06-28 14:00:20.2415  method:  Converter.OneDriveConverter..ctor         
    INFO Загрузка конфигурации OneDrive 

2021-06-28 14:00:21.8605  method:  Converter.OneDriveConverter.Auth         
    DEBUG Аутентификация прошла успешно 

2021-06-28 14:00:21.8605  method:  Converter.OneDriveConverter.SendFile         
    INFO Файл успешно отправлен на сервер 

2021-06-28 14:00:28.9710  method:  Converter.OneDriveConverter.GetFile         
    INFO Файл успешно получен из сервера 

2021-06-28 14:00:29.9389  method:  Converter.OneDriveConverter.DeleteFile         
    INFO Файл успешно удален с сервера 

2021-06-28 14:04:58.2397  method:  Converter.OneDriveConverter..ctor         
    INFO Загрузка конфигурации OneDrive 

2021-06-28 14:05:07.2014  method:  Converter.OneDriveConverter..ctor         
    INFO Загрузка конфигурации OneDrive 

2021-06-28 14:05:08.8986  method:  Converter.OneDriveConverter.Auth         
    DEBUG Аутентификация прошла успешно 

2021-06-28 14:05:08.8986  method:  Converter.OneDriveConverter.SendFile         
    INFO Файл успешно отправлен на сервер 

2021-06-28 14:05:17.9201  method:  Converter.OneDriveConverter.GetFile         
    INFO Файл успешно получен из сервера 

2021-06-28 14:05:18.8622  method:  Converter.OneDriveConverter.DeleteFile         
    INFO Файл успешно удален с сервера 

2021-06-28 14:40:25.1887  method:  Converter.OneDriveConverter..ctor         
    INFO Загрузка конфигурации OneDrive 

2021-06-28 14:40:27.1573  method:  Converter.OneDriveConverter.Auth         
    DEBUG Аутентификация прошла успешно 

2021-06-28 14:40:27.1573  method:  Converter.OneDriveConverter.SendFile         
    INFO Файл успешно отправлен на сервер 

2021-06-28 14:40:33.2693  method:  Converter.OneDriveConverter.GetFile         
    INFO Файл успешно получен из сервера 

2021-06-28 14:40:33.9297  method:  Converter.OneDriveConverter.DeleteFile         
    INFO Файл успешно удален с сервера 

2021-06-28 15:30:28.4899  method:  Converter.Authentification..ctor         
    INFO Загрузка конфигурации OneDrive 

2021-06-28 15:32:56.5059  method:  Converter.Authentification..ctor         
    INFO Загрузка конфигурации OneDrive 

2021-06-28 15:33:28.2701  method:  Converter.Authentification..ctor         
    INFO Загрузка конфигурации OneDrive 

2021-06-28 15:34:37.2638  method:  Converter.Authentification..ctor         
    INFO Загрузка конфигурации OneDrive 

2021-06-28 15:37:14.6336  method:  Converter.Authentification..ctor         
    INFO Загрузка конфигурации OneDrive 

2021-06-28 15:37:50.0166  method:  Converter.File.ReadFile         
    INFO Файл успешно загружен из диска 

2021-06-28 15:37:59.7643  method:  Converter.Authentification.Auth         
    DEBUG Аутентификация прошла успешно 

2021-06-28 15:38:39.9760  method:  Converter.Authentification..ctor         
    INFO Загрузка конфигурации OneDrive 

2021-06-28 15:38:43.9539  method:  Converter.File.ReadFile         
    INFO Файл успешно загружен из диска 

2021-06-28 15:38:45.2913  method:  Converter.Authentification.Auth         
    DEBUG Аутентификация прошла успешно 

2021-06-28 15:38:45.2913  method:  Converter.OneDriveConverter.SendFile         
    INFO Файл успешно отправлен на сервер 

2021-06-28 15:38:48.4824  method:  Converter.OneDriveConverter.GetFile         
    ERROR The remote server returned an error: (400) Bad Request. 

2021-06-28 15:39:21.5239  method:  Converter.Authentification..ctor         
    INFO Загрузка конфигурации OneDrive 

2021-06-28 15:39:21.7172  method:  Converter.File.ReadFile         
    INFO Файл успешно загружен из диска 

2021-06-28 15:39:23.6796  method:  Converter.Authentification.Auth         
    DEBUG Аутентификация прошла успешно 

2021-06-28 15:39:23.6796  method:  Converter.OneDriveConverter.SendFile         
    INFO Файл успешно отправлен на сервер 

2021-06-28 15:39:28.1626  method:  Converter.OneDriveConverter.GetFile         
    ERROR The remote server returned an error: (400) Bad Request. 

2021-06-28 15:39:38.9882  method:  Converter.Authentification..ctor         
    INFO Загрузка конфигурации OneDrive 

2021-06-28 15:39:39.1584  method:  Converter.File.ReadFile         
    INFO Файл успешно загружен из диска 

2021-06-28 15:39:40.6768  method:  Converter.Authentification.Auth         
    DEBUG Аутентификация прошла успешно 

2021-06-28 15:39:40.6768  method:  Converter.OneDriveConverter.SendFile         
    INFO Файл успешно отправлен на сервер 

2021-06-28 15:44:24.1578  method:  Converter.Authentification..ctor         
    INFO Загрузка конфигурации OneDrive 

2021-06-28 15:44:24.3285  method:  Converter.File.ReadFile         
    INFO Файл успешно загружен из диска 

2021-06-28 15:44:26.6618  method:  Converter.Authentification.Auth         
    DEBUG Аутентификация прошла успешно 

2021-06-28 15:44:26.6618  method:  Converter.OneDriveConverter.SendFile         
    INFO Файл успешно отправлен на сервер 

2021-06-28 15:49:39.1010  method:  Converter.Authentification..ctor         
    INFO Загрузка конфигурации OneDrive 

2021-06-28 15:49:39.2732  method:  Converter.File.ReadFile         
    INFO Файл успешно загружен из диска 

2021-06-28 15:49:40.4497  method:  Converter.Authentification.Auth         
    DEBUG Аутентификация прошла успешно 

2021-06-28 15:49:40.4497  method:  Converter.OneDriveConverter.SendFile         
    INFO Файл успешно отправлен на сервер 

2021-06-28 15:49:55.7206  method:  Converter.OneDriveConverter.GetFile         
    ERROR The remote server returned an error: (400) Bad Request. 

2021-06-28 15:57:26.3768  method:  Converter.Authentification..ctor         
    INFO Загрузка конфигурации OneDrive 

2021-06-28 15:57:26.5636  method:  Converter.File.ReadFile         
    INFO Файл успешно загружен из диска 

2021-06-28 15:57:27.9672  method:  Converter.Authentification.Auth         
    DEBUG Аутентификация прошла успешно 

2021-06-28 15:57:27.9672  method:  Converter.OneDriveConverter.SendFile         
    INFO Файл успешно отправлен на сервер 

2021-06-28 15:57:31.9511  method:  Converter.OneDriveConverter.GetFile         
    ERROR The remote server returned an error: (400) Bad Request. 

2021-06-28 15:59:22.9408  method:  Converter.Authentification..ctor         
    INFO Загрузка конфигурации OneDrive 

2021-06-28 15:59:23.1241  method:  Converter.File.ReadFile         
    INFO Файл успешно загружен из диска 

2021-06-28 15:59:24.5400  method:  Converter.Authentification.Auth         
    DEBUG Аутентификация прошла успешно 

2021-06-28 15:59:24.5400  method:  Converter.OneDriveConverter.SendFile         
    INFO Файл успешно отправлен на сервер 

2021-06-28 15:59:28.1054  method:  Converter.OneDriveConverter.GetFile         
    ERROR The remote server returned an error: (400) Bad Request. 

2021-06-28 16:00:29.1990  method:  Converter.Authentification..ctor         
    INFO Загрузка конфигурации OneDrive 

2021-06-28 16:00:29.3920  method:  Converter.File.ReadFile         
    INFO Файл успешно загружен из диска 

2021-06-28 16:00:30.9324  method:  Converter.Authentification.Auth         
    DEBUG Аутентификация прошла успешно 

2021-06-28 16:00:30.9324  method:  Converter.OneDriveConverter.SendFile         
    INFO Файл успешно отправлен на сервер 

2021-06-28 16:00:33.9227  method:  Converter.OneDriveConverter.GetFile         
    ERROR The remote server returned an error: (400) Bad Request. 

2021-06-28 16:01:21.3163  method:  Converter.Authentification..ctor         
    INFO Загрузка конфигурации OneDrive 

2021-06-28 16:01:21.4918  method:  Converter.File.ReadFile         
    INFO Файл успешно загружен из диска 

2021-06-28 16:01:22.6042  method:  Converter.Authentification.Auth         
    DEBUG Аутентификация прошла успешно 

2021-06-28 16:01:22.6042  method:  Converter.OneDriveConverter.SendFile         
    INFO Файл успешно отправлен на сервер 

2021-06-28 16:01:26.4101  method:  Converter.OneDriveConverter.GetFile         
    ERROR The remote server returned an error: (400) Bad Request. 

2021-06-28 16:03:34.7182  method:  Converter.Authentification..ctor         
    INFO Загрузка конфигурации OneDrive 

2021-06-28 16:03:34.9286  method:  Converter.File.ReadFile         
    INFO Файл успешно загружен из диска 

2021-06-28 16:03:36.3662  method:  Converter.Authentification.Auth         
    DEBUG Аутентификация прошла успешно 

2021-06-28 16:03:36.3662  method:  Converter.OneDriveConverter.SendFile         
    INFO Файл успешно отправлен на сервер 

2021-06-28 16:04:14.7281  method:  Converter.OneDriveConverter.GetFile         
    ERROR The remote server returned an error: (400) Bad Request. 

2021-06-28 16:06:40.0257  method:  Converter.Authentification..ctor         
    INFO Загрузка конфигурации OneDrive 

2021-06-28 16:06:40.2042  method:  Converter.File.ReadFile         
    INFO Файл успешно загружен из диска 

2021-06-28 16:06:41.8826  method:  Converter.Authentification.Auth         
    DEBUG Аутентификация прошла успешно 

2021-06-28 16:06:41.8826  method:  Converter.OneDriveConverter.SendFile         
    INFO Файл успешно отправлен на сервер 

2021-06-28 16:15:20.9893  method:  Converter.Authentification..ctor         
    INFO Загрузка конфигурации OneDrive 

2021-06-28 16:15:21.1670  method:  Converter.File.ReadFile         
    INFO Файл успешно загружен из диска 

2021-06-28 16:15:22.5053  method:  Converter.Authentification.Auth         
    DEBUG Аутентификация прошла успешно 

2021-06-28 16:15:22.5053  method:  Converter.OneDriveConverter.SendFile         
    INFO Файл успешно отправлен на сервер 

2021-06-28 16:15:28.8282  method:  Converter.OneDriveConverter.GetFile         
    ERROR The remote server returned an error: (400) Bad Request. 

2021-06-28 16:18:46.9853  method:  Converter.Authentification..ctor         
    INFO Загрузка конфигурации OneDrive 

2021-06-28 16:18:47.2238  method:  Converter.File.ReadFile         
    INFO Файл успешно загружен из диска 

2021-06-28 16:18:48.5556  method:  Converter.Authentification.Auth         
    DEBUG Аутентификация прошла успешно 

2021-06-28 16:18:48.5556  method:  Converter.OneDriveConverter.SendFile         
    INFO Файл успешно отправлен на сервер 

2021-06-28 16:20:02.5131  method:  Converter.Authentification..ctor         
    INFO Загрузка конфигурации OneDrive 

2021-06-28 16:20:02.6852  method:  Converter.File.ReadFile         
    INFO Файл успешно загружен из диска 

2021-06-28 16:20:04.0032  method:  Converter.Authentification.Auth         
    DEBUG Аутентификация прошла успешно 

2021-06-28 16:20:04.0032  method:  Converter.OneDriveConverter.SendFile         
    INFO Файл успешно отправлен на сервер 

2021-06-28 16:22:47.1978  method:  Converter.Authentification..ctor         
    INFO Загрузка конфигурации OneDrive 

2021-06-28 16:22:47.3824  method:  Converter.File.ReadFile         
    INFO Файл успешно загружен из диска 

2021-06-28 16:22:49.3782  method:  Converter.Authentification.Auth         
    DEBUG Аутентификация прошла успешно 

2021-06-28 16:22:59.6752  method:  Converter.OneDriveConverter.SendFile         
    INFO Файл успешно отправлен на сервер 

2021-06-28 16:23:37.5191  method:  Converter.Authentification..ctor         
    INFO Загрузка конфигурации OneDrive 

2021-06-28 16:23:37.7196  method:  Converter.File.ReadFile         
    INFO Файл успешно загружен из диска 

2021-06-28 16:23:41.0493  method:  Converter.Authentification.Auth         
    DEBUG Аутентификация прошла успешно 

2021-06-28 16:23:41.0493  method:  Converter.OneDriveConverter.SendFile         
    INFO Файл успешно отправлен на сервер 

2021-06-28 16:24:19.4161  method:  Converter.Authentification..ctor         
    INFO Загрузка конфигурации OneDrive 

2021-06-28 16:24:19.6017  method:  Converter.File.ReadFile         
    INFO Файл успешно загружен из диска 

2021-06-28 16:24:23.2917  method:  Converter.Authentification.Auth         
    DEBUG Аутентификация прошла успешно 

2021-06-28 16:24:23.2917  method:  Converter.OneDriveConverter.SendFile         
    INFO Файл успешно отправлен на сервер 

2021-06-28 16:24:42.2093  method:  Converter.Authentification..ctor         
    INFO Загрузка конфигурации OneDrive 

2021-06-28 16:24:42.3918  method:  Converter.File.ReadFile         
    INFO Файл успешно загружен из диска 

2021-06-28 16:24:43.5993  method:  Converter.Authentification.Auth         
    DEBUG Аутентификация прошла успешно 

2021-06-28 16:24:43.5993  method:  Converter.OneDriveConverter.SendFile         
    INFO Файл успешно отправлен на сервер 

2021-06-28 16:26:28.7405  method:  Converter.Authentification..ctor         
    INFO Загрузка конфигурации OneDrive 

2021-06-28 16:26:28.9376  method:  Converter.File.ReadFile         
    INFO Файл успешно загружен из диска 

2021-06-28 16:26:31.3213  method:  Converter.Authentification.Auth         
    DEBUG Аутентификация прошла успешно 

2021-06-28 16:26:31.3213  method:  Converter.OneDriveConverter.SendFile         
    INFO Файл успешно отправлен на сервер 

2021-06-28 16:29:21.2563  method:  Converter.Authentification..ctor         
    INFO Загрузка конфигурации OneDrive 

2021-06-28 16:29:21.4769  method:  Converter.File.ReadFile         
    INFO Файл успешно загружен из диска 

2021-06-28 16:29:23.1757  method:  Converter.Authentification.Auth         
    DEBUG Аутентификация прошла успешно 

2021-06-28 16:29:23.1757  method:  Converter.OneDriveConverter.SendFile         
    INFO Файл успешно отправлен на сервер 

2021-06-28 16:29:54.9219  method:  Converter.Authentification..ctor         
    INFO Загрузка конфигурации OneDrive 

2021-06-28 16:29:55.2149  method:  Converter.File.ReadFile         
    INFO Файл успешно загружен из диска 

2021-06-28 16:29:56.4818  method:  Converter.Authentification.Auth         
    DEBUG Аутентификация прошла успешно 

2021-06-28 16:29:56.4818  method:  Converter.OneDriveConverter.SendFile         
    INFO Файл успешно отправлен на сервер 

2021-06-28 16:30:11.4354  method:  Converter.File.WriteFile         
    INFO Файл успешно получен из сервера 

2021-06-28 16:31:00.2311  method:  Converter.Authentification..ctor         
    INFO Загрузка конфигурации OneDrive 

2021-06-28 16:31:00.4281  method:  Converter.File.ReadFile         
    INFO Файл успешно загружен из диска 

2021-06-28 16:31:02.0581  method:  Converter.Authentification.Auth         
    DEBUG Аутентификация прошла успешно 

2021-06-28 16:31:02.0581  method:  Converter.OneDriveConverter.SendFile         
    INFO Файл успешно отправлен на сервер 

2021-06-28 16:33:16.9693  method:  Converter.Authentification..ctor         
    INFO Загрузка конфигурации OneDrive 

2021-06-28 16:33:17.1540  method:  Converter.File.ReadFile         
    INFO Файл успешно загружен из диска 

2021-06-28 16:33:21.1007  method:  Converter.Authentification.Auth         
    DEBUG Аутентификация прошла успешно 

2021-06-28 16:33:21.1007  method:  Converter.OneDriveConverter.SendFile         
    INFO Файл успешно отправлен на сервер 

2021-06-28 16:33:25.0787  method:  Converter.File.WriteFile         
    INFO Файл успешно получен из сервера 

2021-06-28 16:42:53.5927  method:  Converter.Authentification..ctor         
    INFO Загрузка конфигурации OneDrive 

2021-06-28 16:43:12.8281  method:  Converter.File.ReadFile         
    INFO Файл успешно загружен из диска 

2021-06-28 16:43:38.8338  method:  Converter.Authentification.Auth         
    DEBUG Аутентификация прошла успешно 

2021-06-28 17:02:31.8251  method:  Converter.Authentification..ctor         
    INFO Загрузка конфигурации OneDrive 

2021-06-28 17:02:34.9967  method:  Converter.File.ReadFile         
    INFO Файл успешно загружен из диска 

2021-06-28 17:02:36.8878  method:  Converter.Authentification.Auth         
    DEBUG Аутентификация прошла успешно 

2021-06-28 17:02:36.8878  method:  Converter.OneDriveConverter.SendFile         
    INFO Файл успешно отправлен на сервер 

2021-06-28 17:03:19.9411  method:  Converter.Authentification..ctor         
    INFO Загрузка конфигурации OneDrive 

2021-06-28 17:03:20.1180  method:  Converter.File.ReadFile         
    INFO Файл успешно загружен из диска 

2021-06-28 17:03:21.2138  method:  Converter.Authentification.Auth         
    DEBUG Аутентификация прошла успешно 

2021-06-28 17:03:21.2138  method:  Converter.OneDriveConverter.SendFile         
    INFO Файл успешно отправлен на сервер 

2021-06-28 17:04:09.7069  method:  Converter.Authentification..ctor         
    INFO Загрузка конфигурации OneDrive 

2021-06-28 17:04:09.8824  method:  Converter.File.ReadFile         
    INFO Файл успешно загружен из диска 

2021-06-28 17:04:09.8913  method:  Converter.File.WriteFile         
    INFO Файл успешно получен из сервера 

2021-06-28 17:04:15.9682  method:  Converter.Authentification..ctor         
    INFO Загрузка конфигурации OneDrive 

2021-06-28 17:04:16.1603  method:  Converter.File.ReadFile         
    INFO Файл успешно загружен из диска 

2021-06-28 17:04:16.1603  method:  Converter.File.WriteFile         
    INFO Файл успешно получен из сервера 

2021-06-28 17:04:17.5196  method:  Converter.Authentification.Auth         
    DEBUG Аутентификация прошла успешно 

2021-06-28 17:04:17.5196  method:  Converter.OneDriveConverter.SendFile         
    INFO Файл успешно отправлен на сервер 

2021-06-28 17:11:16.8205  method:  Converter.Authentification..ctor         
    INFO Загрузка конфигурации OneDrive 

2021-06-28 17:11:17.0204  method:  Converter.File.ReadFile         
    INFO Файл успешно загружен из диска 

2021-06-28 17:11:17.0438  method:  Converter.File.WriteFile         
    INFO Файл успешно получен из сервера 

2021-06-28 17:11:18.6924  method:  Converter.Authentification.Auth         
    DEBUG Аутентификация прошла успешно 

2021-06-28 17:11:18.7217  method:  Converter.OneDriveConverter.SendFile         
    ERROR Stream does not support reading. 

2021-06-28 17:11:35.5855  method:  Converter.Authentification..ctor         
    INFO Загрузка конфигурации OneDrive 

2021-06-28 17:11:35.7800  method:  Converter.File.ReadFile         
    INFO Файл успешно загружен из диска 

2021-06-28 17:11:35.7892  method:  Converter.File.WriteFile         
    INFO Файл успешно получен из сервера 

2021-06-28 17:11:37.0766  method:  Converter.Authentification.Auth         
    DEBUG Аутентификация прошла успешно 

2021-06-28 17:12:05.5257  method:  Converter.Authentification..ctor         
    INFO Загрузка конфигурации OneDrive 

2021-06-28 17:12:05.7252  method:  Converter.File.ReadFile         
    INFO Файл успешно загружен из диска 

2021-06-28 17:12:05.7252  method:  Converter.File.WriteFile         
    INFO Файл успешно получен из сервера 

2021-06-28 17:12:06.9796  method:  Converter.Authentification.Auth         
    DEBUG Аутентификация прошла успешно 

2021-06-28 17:12:09.4771  method:  Converter.OneDriveConverter.SendFile         
    INFO Файл успешно отправлен на сервер 

2021-06-28 17:14:23.2305  method:  Converter.Authentification..ctor         
    INFO Загрузка конфигурации OneDrive 

2021-06-28 17:14:23.4111  method:  Converter.File.ReadFile         
    INFO Файл успешно загружен из диска 

2021-06-28 17:14:23.4111  method:  Converter.File.WriteFile         
    INFO Файл успешно получен из сервера 

2021-06-28 17:14:40.3582  method:  Converter.Authentification..ctor         
    INFO Загрузка конфигурации OneDrive 

2021-06-28 17:14:40.5636  method:  Converter.File.ReadFile         
    INFO Файл успешно загружен из диска 

2021-06-28 17:14:42.1099  method:  Converter.Authentification.Auth         
    DEBUG Аутентификация прошла успешно 

2021-06-28 17:14:42.1160  method:  Converter.OneDriveConverter.SendFile         
    INFO Файл успешно получен из сервера 

2021-06-28 17:14:45.4172  method:  Converter.OneDriveConverter.SendFile         
    INFO Файл успешно отправлен на сервер 

2021-06-28 17:15:54.9246  method:  Converter.Authentification..ctor         
    INFO Загрузка конфигурации OneDrive 

2021-06-28 17:15:55.1147  method:  Converter.File.ReadFile         
    INFO Файл успешно загружен из диска 

2021-06-28 17:15:56.5606  method:  Converter.Authentification.Auth         
    DEBUG Аутентификация прошла успешно 

2021-06-28 17:15:58.9777  method:  Converter.OneDriveConverter.SendFile         
    INFO Файл успешно отправлен на сервер 

2021-06-28 17:17:35.2600  method:  Converter.Authentification..ctor         
    INFO Загрузка конфигурации OneDrive 

2021-06-28 17:17:35.4273  method:  Converter.File.ReadFile         
    INFO Файл успешно загружен из диска 

2021-06-28 17:17:37.2432  method:  Converter.Authentification.Auth         
    DEBUG Аутентификация прошла успешно 

2021-06-28 17:17:37.2432  method:  Converter.OneDriveConverter.SendFile         
    INFO Файл успешно отправлен на сервер 

2021-06-28 17:19:01.6978  method:  Converter.Authentification..ctor         
    INFO Загрузка конфигурации OneDrive 

2021-06-28 17:19:01.9193  method:  Converter.File.ReadFile         
    INFO Файл успешно загружен из диска 

2021-06-28 17:19:03.1311  method:  Converter.Authentification.Auth         
    DEBUG Аутентификация прошла успешно 

2021-06-28 17:19:03.1311  method:  Converter.OneDriveConverter.SendFile         
    INFO Файл успешно отправлен на сервер 

2021-06-28 17:19:10.1175  method:  Converter.OneDriveConverter.ConvertFile         
    INFO Файл успешно получен из сервера 

2021-06-28 17:27:57.3873  method:  Converter.Authentification..ctor         
    INFO Загрузка конфигурации OneDrive 

2021-06-28 17:27:57.6097  method:  Converter.File.ReadFile         
    INFO Файл успешно загружен из диска 

2021-06-28 17:27:58.8536  method:  Converter.Authentification.Auth         
    DEBUG Аутентификация прошла успешно 

2021-06-28 17:27:58.8536  method:  Converter.OneDriveConverter.SendFile         
    INFO Файл успешно отправлен на сервер 

2021-06-28 17:28:05.5830  method:  Converter.OneDriveConverter.DeleteFile         
    INFO Файл успешно удален с сервера 

2021-06-28 17:28:07.8028  method:  Converter.File.WriteFile         
    INFO Файл успешно получен из сервера 

