2021-06-18 11:13:37.3696  method:  Converter.OneDriveConverter..ctor         
    INFO Загрузка конфигурации OneDrive 

2021-06-18 11:13:38.3604  method:  Converter.OneDriveConverter.Auth         
    DEBUG Аутентификация прошла успешно 

2021-06-18 11:13:38.3927  method:  Converter.OneDriveConverter.SendFile         
    ERROR Файл не найден 

2021-06-18 11:29:03.6125  method:  Converter.OneDriveConverter..ctor         
    INFO Загрузка конфигурации OneDrive 

2021-06-18 11:29:04.3013  method:  Converter.OneDriveConverter.Auth         
    DEBUG Аутентификация прошла успешно 

2021-06-18 11:29:04.3013  method:  Converter.OneDriveConverter.SendFile         
    ERROR Файл не найден 

2021-06-18 11:29:37.7884  method:  Converter.OneDriveConverter..ctor         
    INFO Загрузка конфигурации OneDrive 

2021-06-18 11:29:39.0659  method:  Converter.OneDriveConverter.Auth         
    DEBUG Аутентификация прошла успешно 

2021-06-18 11:29:39.0966  method:  Converter.OneDriveConverter.SendFile         
    ERROR Файл не найден 

2021-06-18 12:49:35.9089  method:  Converter.OneDriveConverter..ctor         
    INFO Загрузка конфигурации OneDrive 

2021-06-18 12:49:37.4560  method:  Converter.OneDriveConverter.Auth         
    DEBUG Аутентификация прошла успешно 

2021-06-18 12:49:37.6322  method:  Converter.OneDriveConverter.SendFile         
    ERROR Файл не найден 

2021-06-18 12:53:15.1220  method:  Converter.OneDriveConverter..ctor         
    INFO Загрузка конфигурации OneDrive 

2021-06-18 12:53:16.3526  method:  Converter.OneDriveConverter.Auth         
    DEBUG Аутентификация прошла успешно 

2021-06-18 12:53:16.3771  method:  Converter.OneDriveConverter.SendFile         
    ERROR Файл не найден 

